<?xml version="1.0" encoding="UTF-8"?>
<!-- Generated by org.testng.reporters.JUnitReportReporter -->
<testsuite hostname="PawanTyagi" failures="0" tests="3" name="Homepagetest.Homepagetest" time="34.318" errors="0" timestamp="2022-01-15T11:25:47 IST" skipped="0">
  <testcase classname="Homepagetest.Homepagetest" name="homepage" time="9.147"/>
  <system-out/>
  <testcase classname="Homepagetest.Homepagetest" name="bankpagetitle" time="16.673"/>
  <system-out/>
  <testcase classname="Homepagetest.Homepagetest" name="paymentgateway" time="8.498"/>
  <system-out/>
</testsuite> <!-- Homepagetest.Homepagetest -->
